Build started 18/10/2014 14:04:59.
     1>Project "c:\repo\gb\mygb\mygb\mygb.vcxproj" on node 2 (Build target(s)).
     1>Build:
         b.bat
         'b.bat' is not recognized as an internal or external command,
         operable program or batch file.
     1>C:\Program Files (x86)\MSBuild\Microsoft.Cpp\v4.0\V110\Microsoft.MakeFile.Targets(38,5): error MSB3073: The command "b.bat" exited with code 9009.
     1>Done Building Project "c:\repo\gb\mygb\mygb\mygb.vcxproj" (Build target(s)) -- FAILED.

Build FAILED.

Time Elapsed 00:00:00.08
